<?xml version="1.0" encoding="UTF-8"?>
<!-- Generated by org.testng.reporters.JUnitXMLReporter -->
<testsuite ignored="0" hostname="Ram" failures="2" tests="6" name="Test" time="60.29" errors="0" timestamp="2025-07-13T16:33:20 IST">
  <testcase classname="com.swagLabs.Qa.TestCases.LoginClass" name="login_Into_Application_With_Valid_Creds" time="5.224">
    <failure type="java.lang.AssertionError" message="expected [true] but found [false]">
      <![CDATA[java.lang.AssertionError: expected [true] but found [false]
at com.swagLabs.Qa.TestCases.LoginClass.login_Into_Application_With_Valid_Creds(LoginClass.java:44)
at java.base/java.util.ArrayList.forEach(ArrayList.java:1596)
... Removed 29 stack frames]]>
    </failure>
  </testcase> <!-- login_Into_Application_With_Valid_Creds -->
  <testcase classname="com.swagLabs.Qa.TestCases.LoginClass" name="login_Into_Application_With_InValid_Creds" time="6.659"/>
  <testcase classname="com.swagLabs.Qa.TestCases.LoginClass" name="login_Into_Application_With_Only_UserName" time="5.361"/>
  <testcase classname="com.swagLabs.Qa.TestCases.LoginClass" name="login_Into_Application_With_Only_Password" time="5.332"/>
  <testcase classname="com.swagLabs.Qa.TestCases.CartClass" name="adding_Items_To_cart" time="0.025">
    <failure type="java.lang.AssertionError" message="expected [true] but found [false]">
      <![CDATA[java.lang.AssertionError: expected [true] but found [false]
at com.swagLabs.Qa.TestCases.CartClass.adding_Items_To_cart(CartClass.java:40)
at java.base/java.util.ArrayList.forEach(ArrayList.java:1596)
... Removed 29 stack frames]]>
    </failure>
  </testcase> <!-- adding_Items_To_cart -->
  <testcase classname="com.swagLabs.Qa.TestCases.CartClass" name="perfrom_Checkout_For_Added_Items" time="3.758"/>
</testsuite> <!-- Test -->
